<?xml version="1.0" encoding="UTF-8"?>
<!-- Generated by org.testng.reporters.JUnitXMLReporter -->
<testsuite ignored="0" hostname="LAPTOP-76PGCCB3" failures="0" tests="4" name="Test" time="41.404" errors="0" timestamp="2022-09-12T20:43:53 IST">
  <testcase classname="com.shwetabh.docker.GoogleSeachChrome2" name="googleSearch" time="4.31"/>
  <testcase classname="com.shwetabh.docker.GoogleSearchFirefox" name="googleSearch" time="4.8"/>
  <testcase classname="com.shwetabh.docker.GoogleSeachChrome" name="googleSearch" time="9.144"/>
  <testcase classname="com.shwetabh.docker.GoogleSeachChrome3" name="googleSearch" time="10.846"/>
</testsuite> <!-- Test -->
