<?xml version="1.0" encoding="UTF-8"?>
<testng-results ignored="0" total="4" passed="4" failed="0" skipped="0">
  <reporter-output>
  </reporter-output>
  <suite started-at="2022-09-12T20:43:12 IST" name="Suite" finished-at="2022-09-12T20:43:53 IST" duration-ms="41404">
    <groups>
    </groups>
    <test started-at="2022-09-12T20:43:12 IST" name="Test" finished-at="2022-09-12T20:43:53 IST" duration-ms="41404">
      <class name="com.shwetabh.docker.GoogleSeachChrome">
        <test-method is-config="true" signature="setup()[pri:0, instance:com.shwetabh.docker.GoogleSeachChrome@57d7f8ca]" started-at="2022-09-12T20:43:12 IST" name="setup" finished-at="2022-09-12T20:43:30 IST" duration-ms="18363" status="PASS">
          <reporter-output>
          </reporter-output>
        </test-method> <!-- setup -->
        <test-method signature="googleSearch()[pri:0, instance:com.shwetabh.docker.GoogleSeachChrome@57d7f8ca]" started-at="2022-09-12T20:43:30 IST" name="googleSearch" finished-at="2022-09-12T20:43:40 IST" duration-ms="9144" status="PASS">
          <reporter-output>
          </reporter-output>
        </test-method> <!-- googleSearch -->
        <test-method is-config="true" signature="teardown()[pri:0, instance:com.shwetabh.docker.GoogleSeachChrome@57d7f8ca]" started-at="2022-09-12T20:43:40 IST" name="teardown" finished-at="2022-09-12T20:43:42 IST" duration-ms="2233" status="PASS">
          <reporter-output>
          </reporter-output>
        </test-method> <!-- teardown -->
      </class> <!-- com.shwetabh.docker.GoogleSeachChrome -->
      <class name="com.shwetabh.docker.GoogleSearchFirefox">
        <test-method is-config="true" signature="setup()[pri:0, instance:com.shwetabh.docker.GoogleSearchFirefox@16a0ee18]" started-at="2022-09-12T20:43:12 IST" name="setup" finished-at="2022-09-12T20:43:30 IST" duration-ms="18357" status="PASS">
          <reporter-output>
          </reporter-output>
        </test-method> <!-- setup -->
        <test-method signature="googleSearch()[pri:0, instance:com.shwetabh.docker.GoogleSearchFirefox@16a0ee18]" started-at="2022-09-12T20:43:30 IST" name="googleSearch" finished-at="2022-09-12T20:43:35 IST" duration-ms="4800" status="PASS">
          <reporter-output>
          </reporter-output>
        </test-method> <!-- googleSearch -->
        <test-method is-config="true" signature="teardown()[pri:0, instance:com.shwetabh.docker.GoogleSearchFirefox@16a0ee18]" started-at="2022-09-12T20:43:35 IST" name="teardown" finished-at="2022-09-12T20:43:37 IST" duration-ms="2226" status="PASS">
          <reporter-output>
          </reporter-output>
        </test-method> <!-- teardown -->
      </class> <!-- com.shwetabh.docker.GoogleSearchFirefox -->
      <class name="com.shwetabh.docker.GoogleSeachChrome3">
        <test-method is-config="true" signature="setup()[pri:0, instance:com.shwetabh.docker.GoogleSeachChrome3@505fc5a4]" started-at="2022-09-12T20:43:12 IST" name="setup" finished-at="2022-09-12T20:43:40 IST" duration-ms="28281" status="PASS">
          <reporter-output>
          </reporter-output>
        </test-method> <!-- setup -->
        <test-method signature="googleSearch()[pri:0, instance:com.shwetabh.docker.GoogleSeachChrome3@505fc5a4]" started-at="2022-09-12T20:43:40 IST" name="googleSearch" finished-at="2022-09-12T20:43:51 IST" duration-ms="10846" status="PASS">
          <reporter-output>
          </reporter-output>
        </test-method> <!-- googleSearch -->
        <test-method is-config="true" signature="teardown()[pri:0, instance:com.shwetabh.docker.GoogleSeachChrome3@505fc5a4]" started-at="2022-09-12T20:43:51 IST" name="teardown" finished-at="2022-09-12T20:43:53 IST" duration-ms="2240" status="PASS">
          <reporter-output>
          </reporter-output>
        </test-method> <!-- teardown -->
      </class> <!-- com.shwetabh.docker.GoogleSeachChrome3 -->
      <class name="com.shwetabh.docker.GoogleSeachChrome2">
        <test-method is-config="true" signature="setup()[pri:0, instance:com.shwetabh.docker.GoogleSeachChrome2@3d6f0054]" started-at="2022-09-12T20:43:12 IST" name="setup" finished-at="2022-09-12T20:43:30 IST" duration-ms="18360" status="PASS">
          <reporter-output>
          </reporter-output>
        </test-method> <!-- setup -->
        <test-method signature="googleSearch()[pri:0, instance:com.shwetabh.docker.GoogleSeachChrome2@3d6f0054]" started-at="2022-09-12T20:43:30 IST" name="googleSearch" finished-at="2022-09-12T20:43:35 IST" duration-ms="4310" status="PASS">
          <reporter-output>
          </reporter-output>
        </test-method> <!-- googleSearch -->
        <test-method is-config="true" signature="teardown()[pri:0, instance:com.shwetabh.docker.GoogleSeachChrome2@3d6f0054]" started-at="2022-09-12T20:43:35 IST" name="teardown" finished-at="2022-09-12T20:43:37 IST" duration-ms="2297" status="PASS">
          <reporter-output>
          </reporter-output>
        </test-method> <!-- teardown -->
      </class> <!-- com.shwetabh.docker.GoogleSeachChrome2 -->
    </test> <!-- Test -->
  </suite> <!-- Suite -->
</testng-results>
